\BOOKMARK [0][-]{chapter.1}{\376\377\000R\000o\000h\000s\000t\000o\000f\000f\000p\000o\000l\000i\000t\000i\000s\000c\000h\000e\000\040\000Z\000u\000s\000t\000\344\000n\000d\000i\000g\000k\000e\000i\000t\000e\000n\000\040\000u\000n\000d\000\040\000A\000k\000t\000i\000v\000i\000t\000\344\000t\000\040\000a\000u\000f\000\040\000e\000u\000r\000o\000p\000\344\000i\000s\000c\000h\000e\000r\000\040\000u\000n\000d\000\040\000n\000a\000t\000i\000o\000n\000a\000l\000e\000r\000\040\000E\000b\000e\000n\000e}{}% 1
\BOOKMARK [1][-]{section.1.1}{\376\377\000R\000o\000h\000s\000t\000o\000f\000f\000e\000\040\000u\000n\000d\000\040\000d\000i\000e\000\040\000E\000U}{chapter.1}% 2
\BOOKMARK [2][-]{subsection.1.1.1}{\376\377\000Z\000u\000s\000t\000\344\000n\000d\000i\000g\000k\000e\000i\000t\000e\000n\000\040\000d\000e\000r\000\040\000E\000U\000\040\000i\000m\000\040\000B\000e\000r\000e\000i\000c\000h\000\040\000d\000e\000r\000\040\000R\000o\000h\000s\000t\000o\000f\000f\000e}{section.1.1}% 3
\BOOKMARK [3][-]{subsubsection.1.1.1.1}{\376\377\000Z\000e\000i\000t\000l\000i\000n\000i\000e\000\040\000z\000u\000r\000\040\000r\000o\000h\000s\000t\000o\000f\000f\000p\000o\000l\000i\000t\000i\000s\000c\000h\000e\000n\000\040\000A\000k\000t\000i\000v\000i\000t\000\344\000t}{subsection.1.1.1}% 4
\BOOKMARK [3][-]{subsubsection.1.1.1.2}{\376\377\000\050\000G\000e\000m\000e\000i\000n\000s\000a\000m\000e\000\051\000\040\000H\000a\000n\000d\000e\000l\000s\000p\000o\000l\000i\000t\000i\000k}{subsection.1.1.1}% 5
\BOOKMARK [3][-]{subsubsection.1.1.1.3}{\376\377\000U\000m\000w\000e\000l\000t\000p\000o\000l\000i\000t\000i\000k}{subsection.1.1.1}% 6
\BOOKMARK [3][-]{subsubsection.1.1.1.4}{\376\377\000E\000n\000e\000r\000g\000i\000e\000p\000o\000l\000i\000t\000i\000k}{subsection.1.1.1}% 7
\BOOKMARK [3][-]{subsubsection.1.1.1.5}{\376\377\000I\000n\000d\000u\000s\000t\000r\000i\000e\000p\000o\000l\000i\000t\000i\000k}{subsection.1.1.1}% 8
\BOOKMARK [3][-]{subsubsection.1.1.1.6}{\376\377\000B\000i\000n\000n\000e\000n\000m\000a\000r\000k\000t\000p\000o\000l\000i\000t\000i\000k}{subsection.1.1.1}% 9
\BOOKMARK [3][-]{subsubsection.1.1.1.7}{\376\377\000Z\000u\000\040\000d\000e\000n\000\040\000G\000r\000u\000n\000d\000f\000r\000e\000i\000h\000e\000i\000t\000e\000n}{subsection.1.1.1}% 10
\BOOKMARK [3][-]{subsubsection.1.1.1.8}{\376\377\000A\000u\000\337\000e\000n\000p\000o\000l\000i\000t\000i\000k}{subsection.1.1.1}% 11
\BOOKMARK [3][-]{subsubsection.1.1.1.9}{\376\377\000W\000i\000r\000t\000s\000c\000h\000a\000f\000t\000s\000p\000o\000l\000i\000t\000i\000k}{subsection.1.1.1}% 12
\BOOKMARK [3][-]{subsubsection.1.1.1.10}{\376\377\000W\000e\000t\000t\000b\000e\000w\000e\000r\000b\000s\000r\000e\000c\000h\000t}{subsection.1.1.1}% 13
\BOOKMARK [3][-]{subsubsection.1.1.1.11}{\376\377\000V\000e\000r\000w\000a\000l\000t\000u\000n\000g\000s\000z\000u\000s\000a\000m\000m\000e\000n\000a\000r\000b\000e\000i\000t}{subsection.1.1.1}% 14
\BOOKMARK [3][-]{subsubsection.1.1.1.12}{\376\377\000S\000o\000n\000s\000t\000i\000g\000e\000\040\000P\000o\000l\000i\000t\000i\000k\000e\000n}{subsection.1.1.1}% 15
\BOOKMARK [3][-]{subsubsection.1.1.1.13}{\376\377\000A\000r\000t\000\040\000d\000e\000r\000\040\000Z\000u\000s\000t\000\344\000n\000d\000i\000g\000k\000e\000i\000t\000\040\000u\000n\000d\000\040\000d\000e\000s\000\040\000V\000e\000r\000f\000a\000h\000r\000e\000n\000s\000\040\000s\000o\000w\000i\000e\000\040\000V\000e\000r\000h\000\344\000l\000t\000n\000i\000s\000\040\000d\000e\000r\000\040\000B\000e\000s\000t\000i\000m\000m\000u\000n\000g\000e\000n}{subsection.1.1.1}% 16
\BOOKMARK [2][-]{subsection.1.1.2}{\376\377\000Z\000u\000m\000\040\000S\000u\000b\000s\000i\000d\000i\000a\000r\000i\000t\000\344\000t\000s\000p\000r\000i\000n\000z\000i\000p\000\040\000u\000n\000d\000\040\000z\000u\000r\000\040\000V\000e\000r\000h\000\344\000l\000t\000n\000i\000s\000m\000\344\000\337\000i\000g\000k\000e\000i\000t}{section.1.1}% 17
\BOOKMARK [3][-]{subsubsection.1.1.2.1}{\376\377\000Z\000u\000m\000\040\000V\000e\000r\000h\000\344\000l\000t\000n\000i\000s\000\040\000v\000o\000n\000\040\000U\000n\000i\000o\000n\000\040\000u\000n\000d\000\040\000M\000i\000t\000g\000l\000i\000e\000d\000s\000s\000t\000a\000a\000t\000e\000n\000\040\000i\000n\000\040\000d\000e\000r\000\040\000R\000o\000h\000s\000t\000o\000f\000f\000p\000o\000l\000i\000t\000i\000k}{subsection.1.1.2}% 18
\BOOKMARK [2][-]{subsection.1.1.3}{\376\377\000F\000a\000z\000i\000t\000\040\000z\000u\000\040\000d\000e\000n\000\040\000U\000n\000i\000o\000n\000s\000k\000o\000m\000p\000e\000t\000e\000n\000z\000e\000n}{section.1.1}% 19
\BOOKMARK [3][-]{subsubsection.1.1.3.1}{\376\377\000Z\000u\000r\000\040\000p\000r\000i\000m\000\344\000r\000r\000e\000c\000h\000t\000l\000i\000c\000h\000e\000n\000\040\000V\000e\000r\000a\000n\000k\000e\000r\000u\000n\000g\000\040\000e\000i\000n\000e\000r\000\040\000u\000n\000i\000o\000n\000a\000l\000e\000n\000\040\000R\000o\000h\000s\000t\000o\000f\000f\000p\000o\000l\000i\000t\000i\000k}{subsection.1.1.3}% 20
\BOOKMARK [2][-]{subsection.1.1.4}{\376\377\000E\000n\000t\000w\000i\000c\000k\000l\000u\000n\000g}{section.1.1}% 21
\BOOKMARK [2][-]{subsection.1.1.5}{\376\377\000H\000a\000r\000m\000o\000n\000i\000s\000i\000e\000r\000u\000n\000g\000s\000g\000r\000a\000d\000\040\000a\000u\000f\000\040\000e\000u\000r\000o\000p\000\344\000i\000s\000c\000h\000e\000r\000\040\000E\000b\000e\000n\000e}{section.1.1}% 22
\BOOKMARK [2][-]{subsection.1.1.6}{\376\377\000I\000n\000s\000t\000r\000u\000m\000e\000n\000t\000e\000\040\000f\000\374\000r\000\040\000e\000i\000n\000e\000\040\000R\000o\000h\000s\000t\000o\000f\000f\000p\000o\000l\000i\000t\000i\000k}{section.1.1}% 23
\BOOKMARK [2][-]{subsection.1.1.7}{\376\377\000E\000u\000r\000o\000p\000\344\000i\000s\000c\000h\000e\000\040\000V\000e\000r\000o\000r\000d\000n\000u\000n\000g\000\040\000z\000u\000\040\000k\000r\000i\000t\000i\000s\000c\000h\000e\000n\000\040\000R\000o\000h\000s\000t\000o\000f\000f\000e\000n\000\040\000\050\000C\000R\000M\000A\000\051}{section.1.1}% 24
\BOOKMARK [3][-]{subsubsection.1.1.7.1}{\376\377\000D\000e\000r\000\040\000V\000o\000r\000s\000c\000h\000l\000a\000g\000\040\000d\000e\000r\000\040\000E\000u\000r\000o\000p\000\344\000i\000s\000c\000h\000e\000n\000\040\000K\000o\000m\000m\000i\000s\000s\000i\000o\000n}{subsection.1.1.7}% 25
\BOOKMARK [3][-]{subsubsection.1.1.7.2}{\376\377\000S\000t\000e\000l\000l\000u\000n\000g\000n\000a\000h\000m\000e\000\040\000d\000e\000s\000\040\000E\000u\000r\000o\000p\000\344\000i\000s\000c\000h\000e\000n\000\040\000W\000i\000r\000t\000s\000c\000h\000a\000f\000t\000s\000-\000\040\000u\000n\000d\000\040\000S\000o\000z\000i\000a\000l\000a\000u\000s\000s\000s\000c\000h\000u\000s\000s}{subsection.1.1.7}% 26
\BOOKMARK [3][-]{subsubsection.1.1.7.3}{\376\377\000L\000e\000s\000u\000n\000g\000\040\000i\000m\000\040\000E\000u\000r\000o\000p\000\344\000i\000s\000c\000h\000e\000n\000\040\000P\000a\000r\000l\000a\000m\000e\000n\000t}{subsection.1.1.7}% 27
\BOOKMARK [3][-]{subsubsection.1.1.7.4}{\376\377\000B\000e\000t\000r\000a\000c\000h\000t\000u\000n\000g\000\040\000d\000e\000s\000\040\000V\000e\000r\000o\000r\000d\000n\000u\000n\000g\000s\000t\000e\000x\000t\000e\000s}{subsection.1.1.7}% 28
\BOOKMARK [3][-]{subsubsection.1.1.7.5}{\376\377\000Z\000u\000m\000\040\000R\000o\000h\000s\000t\000o\000f\000f\000b\000e\000g\000r\000i\000f\000f\000\040\000i\000m\000\040\000C\000R\000M\000A}{subsection.1.1.7}% 29
\BOOKMARK [3][-]{subsubsection.1.1.7.6}{\376\377\000V\000e\000r\000w\000a\000l\000t\000u\000n\000g\000s\000t\000\344\000t\000i\000t\000g\000k\000e\000i\000t\000\040\000i\000m\000\040\000C\000R\000M\000A}{subsection.1.1.7}% 30
\BOOKMARK [3][-]{subsubsection.1.1.7.7}{\376\377\000F\000a\000z\000i\000t\000\040\000z\000u\000m\000\040\000C\000R\000M\000A}{subsection.1.1.7}% 31
\BOOKMARK [2][-]{subsection.1.1.8}{\376\377\000K\000o\000n\000f\000l\000i\000k\000t\000m\000i\000n\000e\000r\000a\000l\000i\000e\000n}{section.1.1}% 32
\BOOKMARK [3][-]{subsubsection.1.1.8.1}{\376\377\000D\000i\000e\000\040\000K\000o\000n\000f\000l\000i\000k\000t\000m\000i\000n\000e\000r\000a\000l\000i\000e\000n\000-\000V\000O}{subsection.1.1.8}% 33
\BOOKMARK [4][-]{paragraph.1.1.8.1.1}{\376\377\000N\000e\000a\000r\000s\000h\000o\000r\000i\000n\000g\000\040\000u\000n\000d\000\040\000K\000o\000n\000f\000l\000i\000k\000t\000m\000i\000n\000e\000r\000a\000l\000i\000e\000n}{subsubsection.1.1.8.1}% 34
\BOOKMARK [2][-]{subsection.1.1.9}{\376\377\000A\000C\000I\000\040\000V\000O}{section.1.1}% 35
\BOOKMARK [2][-]{subsection.1.1.10}{\376\377\000V\000e\000r\000w\000a\000l\000t\000u\000n\000g\000s\000v\000o\000l\000l\000z\000u\000g\000\040\000d\000u\000r\000c\000h\000\040\000d\000i\000e\000\040\000U\000n\000i\000o\000n}{section.1.1}% 36
\BOOKMARK [2][-]{subsection.1.1.11}{\376\377\000I\000n\000t\000e\000r\000i\000m\000s\000f\000a\000z\000i\000t}{section.1.1}% 37
\BOOKMARK [1][-]{section.1.2}{\376\377\000R\000o\000h\000s\000t\000o\000f\000f\000e\000\040\000u\000n\000d\000\040\000N\000a\000t\000i\000o\000n\000a\000l\000s\000t\000a\000a\000t\000e\000n}{chapter.1}% 38
\BOOKMARK [2][-]{subsection.1.2.1}{\376\377\000Z\000u\000m\000\040\000V\000e\000r\000h\000\344\000l\000t\000n\000i\000s\000\040\000n\000a\000t\000i\000o\000n\000a\000l\000e\000r\000\040\000R\000e\000g\000e\000l\000u\000n\000g\000e\000n\000\040\000u\000n\000d\000\040\000U\000n\000i\000o\000n\000s\000r\000e\000c\000h\000t}{section.1.2}% 39
\BOOKMARK [1][-]{section.1.3}{\376\377\000R\000o\000h\000s\000t\000o\000f\000f\000e\000\040\000u\000n\000d\000\040\000D\000e\000u\000t\000s\000c\000h\000l\000a\000n\000d}{chapter.1}% 40
\BOOKMARK [2][-]{subsection.1.3.1}{\376\377\000G\000r\000u\000n\000d\000g\000e\000s\000e\000t\000z}{section.1.3}% 41
\BOOKMARK [3][-]{subsubsection.1.3.1.1}{\376\377\000B\000B\000e\000r\000g\000G}{subsection.1.3.1}% 42
\BOOKMARK [2][-]{subsection.1.3.2}{\376\377\000I\000n\000t\000e\000r\000i\000m\000s\000f\000a\000z\000i\000t}{section.1.3}% 43
\BOOKMARK [1][-]{section.1.4}{\376\377\000D\000i\000e\000\040\000E\000n\000t\000s\000t\000e\000h\000u\000n\000g\000\040\000v\000o\000n\000\040\000R\000o\000h\000s\000t\000o\000f\000f\000s\000t\000r\000a\000t\000e\000g\000i\000e\000n}{chapter.1}% 44
\BOOKMARK [2][-]{subsection.1.4.1}{\376\377\000A\000u\000f\000\040\000n\000a\000t\000i\000o\000n\000a\000l\000e\000r\000\040\000E\000b\000e\000n\000e}{section.1.4}% 45
\BOOKMARK [3][-]{subsubsection.1.4.1.1}{\376\377\000D\000i\000e\000\040\000R\000o\000h\000s\000t\000o\000f\000f\000s\000t\000r\000a\000t\000e\000g\000i\000e\000\040\000d\000e\000r\000\040\000B\000u\000n\000d\000e\000s\000r\000e\000g\000i\000e\000r\000u\000n\000g}{subsection.1.4.1}% 46
\BOOKMARK [2][-]{subsection.1.4.2}{\376\377\000A\000u\000f\000\040\000e\000u\000r\000o\000p\000\344\000i\000s\000c\000h\000e\000r\000\040\000E\000b\000e\000n\000e}{section.1.4}% 47
\BOOKMARK [1][-]{section.1.5}{\376\377\000W\000e\000c\000h\000s\000e\000l\000w\000i\000r\000k\000u\000n\000g\000e\000n\000\040\000z\000w\000i\000s\000c\000h\000e\000n\000\040\000d\000e\000u\000t\000s\000c\000h\000e\000m\000\040\000u\000n\000d\000\040\000e\000u\000r\000o\000p\000\344\000i\000s\000c\000h\000e\000n\000\040\000R\000o\000h\000s\000t\000o\000f\000f\000r\000e\000c\000h\000t}{chapter.1}% 48
\BOOKMARK [1][-]{section.1.6}{\376\377\000R\000o\000h\000s\000t\000o\000f\000f\000e\000\040\000u\000n\000d\000\040\000M\000e\000n\000s\000c\000h\000e\000n\000r\000e\000c\000h\000t\000e}{chapter.1}% 49
\BOOKMARK [1][-]{section.1.7}{\376\377\000R\000o\000h\000s\000t\000o\000f\000f\000e\000\040\000u\000n\000d\000\040\000U\000m\000w\000e\000l\000t\000s\000c\000h\000u\000t\000z}{chapter.1}% 50
\BOOKMARK [1][-]{section.1.8}{\376\377\000R\000o\000h\000s\000t\000o\000f\000f\000e\000\040\000i\000n\000\040\000d\000e\000r\000\040\000E\000n\000t\000w\000i\000c\000k\000l\000u\000n\000g\000s\000p\000o\000l\000i\000t\000i\000k}{chapter.1}% 51
\BOOKMARK [1][-]{section.1.9}{\376\377\000B\000e\000t\000r\000a\000c\000h\000t\000u\000n\000g\000\040\000w\000e\000i\000t\000e\000r\000e\000r\000\040\000a\000u\000s\000g\000e\000w\000\344\000h\000l\000t\000e\000r\000\040\000R\000e\000c\000h\000t\000s\000a\000k\000t\000e}{chapter.1}% 52
\BOOKMARK [1][-]{section.1.10}{\376\377\000N\000i\000c\000h\000t\000b\000e\000a\000c\000h\000t\000u\000n\000g\000\040\000d\000e\000r\000\040\000R\000o\000h\000s\000t\000o\000f\000f\000t\000h\000e\000m\000a\000t\000i\000k}{chapter.1}% 53
\BOOKMARK [1][-]{section.1.11}{\376\377\000H\000e\000r\000a\000u\000s\000f\000o\000r\000d\000e\000r\000u\000n\000g\000e\000n\000\040\000f\000\374\000r\000\040\000d\000a\000s\000\040\000R\000o\000h\000s\000t\000o\000f\000f\000v\000e\000r\000w\000a\000l\000t\000u\000n\000g\000s\000r\000e\000c\000h\000t\000\040\000a\000u\000f\000\040\000E\000U\000-\000E\000b\000e\000n\000e}{chapter.1}% 54
\BOOKMARK [2][-]{subsection.1.11.1}{\376\377\000V\000e\000r\000f\000a\000h\000r\000e\000n\000s\000a\000u\000t\000o\000n\000o\000m\000i\000e\000\040\000d\000e\000r\000\040\000E\000U\000-\000M\000i\000t\000g\000l\000i\000e\000d\000s\000s\000t\000a\000a\000t\000e\000n}{section.1.11}% 55
\BOOKMARK [1][-]{section.1.12}{\376\377\000D\000i\000e\000\040\000P\000o\000l\000i\000t\000i\000s\000i\000e\000r\000u\000n\000g\000\040\000d\000e\000s\000\040\000R\000o\000h\000s\000t\000o\000f\000f\000r\000e\000c\000h\000t\000s}{chapter.1}% 56
\BOOKMARK [1][-]{section.1.13}{\376\377\000R\000o\000h\000s\000t\000o\000f\000f\000e\000\040\000u\000n\000d\000\040\000i\000n\000t\000e\000r\000n\000a\000t\000i\000o\000n\000a\000l\000e\000s\000\040\000W\000i\000r\000t\000s\000c\000h\000a\000f\000s\000r\000e\000c\000h\000t}{chapter.1}% 57
\BOOKMARK [1][-]{section.1.14}{\376\377\000F\000a\000z\000i\000t}{chapter.1}% 58
