This is pdfTeX, Version 3.141592653-2.6-1.40.26 (TeX Live 2024) (preloaded format=pdflatex 2024.7.13)  14 OCT 2024 00:27
entering extended mode
 restricted \write18 enabled.
 %&-line parsing enabled.
**3_kapitel.tex
(./3_kapitel.tex
LaTeX2e <2023-11-01> patch level 1
L3 programming layer <2024-02-20>
(d:/texlive/2024/texmf-dist/tex/latex/base/book.cls
Document Class: book 2023/05/17 v1.4n Standard LaTeX document class
(d:/texlive/2024/texmf-dist/tex/latex/base/bk12.clo
File: bk12.clo 2023/05/17 v1.4n Standard LaTeX file (size option)
)
\c@part=\count188
\c@chapter=\count189
\c@section=\count190
\c@subsection=\count191
\c@subsubsection=\count192
\c@paragraph=\count193
\c@subparagraph=\count194
\c@figure=\count195
\c@table=\count196
\abovecaptionskip=\skip48
\belowcaptionskip=\skip49
\bibindent=\dimen140
)
(d:/texlive/2024/texmf-dist/tex/latex/base/inputenc.sty
Package: inputenc 2021/02/14 v1.3d Input encoding file
\inpenc@prehook=\toks17
\inpenc@posthook=\toks18
)
(d:/texlive/2024/texmf-dist/tex/latex/base/fontenc.sty
Package: fontenc 2021/04/29 v2.0v Standard LaTeX package
)
(d:/texlive/2024/texmf-dist/tex/generic/babel/babel.sty
Package: babel 2024/02/07 v24.2 The Babel package
\babel@savecnt=\count197
\U@D=\dimen141
\l@unhyphenated=\language89

(d:/texlive/2024/texmf-dist/tex/generic/babel/txtbabel.def)
\bbl@readstream=\read2
\bbl@dirlevel=\count198

(d:/texlive/2024/texmf-dist/tex/generic/babel-german/ngerman.ldf
Language: ngerman 2024/01/19 v2.14 German support for babel (post-1996 orthogra
phy)

(d:/texlive/2024/texmf-dist/tex/generic/babel-german/ngermanb.ldf
Language: ngermanb 2024/01/19 v2.14 German support for babel (post-1996 orthogr
aphy)
Package babel Info: Making " an active character on input line 122.
)))
(d:/texlive/2024/texmf-dist/tex/generic/babel/locale/de/babel-ngerman.tex
Package babel Info: Importing font and identification data for ngerman
(babel)             from babel-de.ini. Reported on input line 11.
)
(d:/texlive/2024/texmf-dist/tex/latex/lm/lmodern.sty
Package: lmodern 2015/05/01 v1.6.1 Latin Modern Fonts
LaTeX Font Info:    Overwriting symbol font `operators' in version `normal'
(Font)                  OT1/cmr/m/n --> OT1/lmr/m/n on input line 22.
LaTeX Font Info:    Overwriting symbol font `letters' in version `normal'
(Font)                  OML/cmm/m/it --> OML/lmm/m/it on input line 23.
LaTeX Font Info:    Overwriting symbol font `symbols' in version `normal'
(Font)                  OMS/cmsy/m/n --> OMS/lmsy/m/n on input line 24.
LaTeX Font Info:    Overwriting symbol font `largesymbols' in version `normal'
(Font)                  OMX/cmex/m/n --> OMX/lmex/m/n on input line 25.
LaTeX Font Info:    Overwriting symbol font `operators' in version `bold'
(Font)                  OT1/cmr/bx/n --> OT1/lmr/bx/n on input line 26.
LaTeX Font Info:    Overwriting symbol font `letters' in version `bold'
(Font)                  OML/cmm/b/it --> OML/lmm/b/it on input line 27.
LaTeX Font Info:    Overwriting symbol font `symbols' in version `bold'
(Font)                  OMS/cmsy/b/n --> OMS/lmsy/b/n on input line 28.
LaTeX Font Info:    Overwriting symbol font `largesymbols' in version `bold'
(Font)                  OMX/cmex/m/n --> OMX/lmex/m/n on input line 29.
LaTeX Font Info:    Overwriting math alphabet `\mathbf' in version `normal'
(Font)                  OT1/cmr/bx/n --> OT1/lmr/bx/n on input line 31.
LaTeX Font Info:    Overwriting math alphabet `\mathsf' in version `normal'
(Font)                  OT1/cmss/m/n --> OT1/lmss/m/n on input line 32.
LaTeX Font Info:    Overwriting math alphabet `\mathit' in version `normal'
(Font)                  OT1/cmr/m/it --> OT1/lmr/m/it on input line 33.
LaTeX Font Info:    Overwriting math alphabet `\mathtt' in version `normal'
(Font)                  OT1/cmtt/m/n --> OT1/lmtt/m/n on input line 34.
LaTeX Font Info:    Overwriting math alphabet `\mathbf' in version `bold'
(Font)                  OT1/cmr/bx/n --> OT1/lmr/bx/n on input line 35.
LaTeX Font Info:    Overwriting math alphabet `\mathsf' in version `bold'
(Font)                  OT1/cmss/bx/n --> OT1/lmss/bx/n on input line 36.
LaTeX Font Info:    Overwriting math alphabet `\mathit' in version `bold'
(Font)                  OT1/cmr/bx/it --> OT1/lmr/bx/it on input line 37.
LaTeX Font Info:    Overwriting math alphabet `\mathtt' in version `bold'
(Font)                  OT1/cmtt/m/n --> OT1/lmtt/m/n on input line 38.
)
(d:/texlive/2024/texmf-dist/tex/latex/graphics/graphicx.sty
Package: graphicx 2021/09/16 v1.2d Enhanced LaTeX Graphics (DPC,SPQR)

(d:/texlive/2024/texmf-dist/tex/latex/graphics/keyval.sty
Package: keyval 2022/05/29 v1.15 key=value parser (DPC)
\KV@toks@=\toks19
)
(d:/texlive/2024/texmf-dist/tex/latex/graphics/graphics.sty
Package: graphics 2022/03/10 v1.4e Standard LaTeX Graphics (DPC,SPQR)

(d:/texlive/2024/texmf-dist/tex/latex/graphics/trig.sty
Package: trig 2021/08/11 v1.11 sin cos tan (DPC)
)
(d:/texlive/2024/texmf-dist/tex/latex/graphics-cfg/graphics.cfg
File: graphics.cfg 2016/06/04 v1.11 sample graphics configuration
)
Package graphics Info: Driver file: pdftex.def on input line 107.

(d:/texlive/2024/texmf-dist/tex/latex/graphics-def/pdftex.def
File: pdftex.def 2022/09/22 v1.2b Graphics/color driver for pdftex
))
\Gin@req@height=\dimen142
\Gin@req@width=\dimen143
)
(d:/texlive/2024/texmf-dist/tex/latex/booktabs/booktabs.sty
Package: booktabs 2020/01/12 v1.61803398 Publication quality tables
\heavyrulewidth=\dimen144
\lightrulewidth=\dimen145
\cmidrulewidth=\dimen146
\belowrulesep=\dimen147
\belowbottomsep=\dimen148
\aboverulesep=\dimen149
\abovetopsep=\dimen150
\cmidrulesep=\dimen151
\cmidrulekern=\dimen152
\defaultaddspace=\dimen153
\@cmidla=\count199
\@cmidlb=\count266
\@aboverulesep=\dimen154
\@belowrulesep=\dimen155
\@thisruleclass=\count267
\@lastruleclass=\count268
\@thisrulewidth=\dimen156
)
(d:/texlive/2024/texmf-dist/tex/latex/hyperref/hyperref.sty
Package: hyperref 2024-01-20 v7.01h Hypertext links for LaTeX

(d:/texlive/2024/texmf-dist/tex/generic/iftex/iftex.sty
Package: iftex 2022/02/03 v1.0f TeX engine tests
)
(d:/texlive/2024/texmf-dist/tex/latex/kvsetkeys/kvsetkeys.sty
Package: kvsetkeys 2022-10-05 v1.19 Key value parser (HO)
)
(d:/texlive/2024/texmf-dist/tex/generic/kvdefinekeys/kvdefinekeys.sty
Package: kvdefinekeys 2019-12-19 v1.6 Define keys (HO)
)
(d:/texlive/2024/texmf-dist/tex/generic/pdfescape/pdfescape.sty
Package: pdfescape 2019/12/09 v1.15 Implements pdfTeX's escape features (HO)

(d:/texlive/2024/texmf-dist/tex/generic/ltxcmds/ltxcmds.sty
Package: ltxcmds 2023-12-04 v1.26 LaTeX kernel commands for general use (HO)
)
(d:/texlive/2024/texmf-dist/tex/generic/pdftexcmds/pdftexcmds.sty
Package: pdftexcmds 2020-06-27 v0.33 Utility functions of pdfTeX for LuaTeX (HO
)

(d:/texlive/2024/texmf-dist/tex/generic/infwarerr/infwarerr.sty
Package: infwarerr 2019/12/03 v1.5 Providing info/warning/error messages (HO)
)
Package pdftexcmds Info: \pdf@primitive is available.
Package pdftexcmds Info: \pdf@ifprimitive is available.
Package pdftexcmds Info: \pdfdraftmode found.
))
(d:/texlive/2024/texmf-dist/tex/latex/hycolor/hycolor.sty
Package: hycolor 2020-01-27 v1.10 Color options for hyperref/bookmark (HO)
)
(d:/texlive/2024/texmf-dist/tex/latex/auxhook/auxhook.sty
Package: auxhook 2019-12-17 v1.6 Hooks for auxiliary files (HO)
)
(d:/texlive/2024/texmf-dist/tex/latex/hyperref/nameref.sty
Package: nameref 2023-11-26 v2.56 Cross-referencing by name of section

(d:/texlive/2024/texmf-dist/tex/latex/refcount/refcount.sty
Package: refcount 2019/12/15 v3.6 Data extraction from label references (HO)
)
(d:/texlive/2024/texmf-dist/tex/generic/gettitlestring/gettitlestring.sty
Package: gettitlestring 2019/12/15 v1.6 Cleanup title references (HO)

(d:/texlive/2024/texmf-dist/tex/latex/kvoptions/kvoptions.sty
Package: kvoptions 2022-06-15 v3.15 Key value format for package options (HO)
))
\c@section@level=\count269
)
(d:/texlive/2024/texmf-dist/tex/latex/etoolbox/etoolbox.sty
Package: etoolbox 2020/10/05 v2.5k e-TeX tools for LaTeX (JAW)
\etb@tempcnta=\count270
)
\@linkdim=\dimen157
\Hy@linkcounter=\count271
\Hy@pagecounter=\count272

(d:/texlive/2024/texmf-dist/tex/latex/hyperref/pd1enc.def
File: pd1enc.def 2024-01-20 v7.01h Hyperref: PDFDocEncoding definition (HO)
Now handling font encoding PD1 ...
... no UTF-8 mapping file for font encoding PD1
)
(d:/texlive/2024/texmf-dist/tex/generic/intcalc/intcalc.sty
Package: intcalc 2019/12/15 v1.3 Expandable calculations with integers (HO)
)
\Hy@SavedSpaceFactor=\count273

(d:/texlive/2024/texmf-dist/tex/latex/hyperref/puenc.def
File: puenc.def 2024-01-20 v7.01h Hyperref: PDF Unicode definition (HO)
Now handling font encoding PU ...
... no UTF-8 mapping file for font encoding PU
)
Package hyperref Info: Hyper figures OFF on input line 4179.
Package hyperref Info: Link nesting OFF on input line 4184.
Package hyperref Info: Hyper index ON on input line 4187.
Package hyperref Info: Plain pages OFF on input line 4194.
Package hyperref Info: Backreferencing OFF on input line 4199.
Package hyperref Info: Implicit mode ON; LaTeX internals redefined.
Package hyperref Info: Bookmarks ON on input line 4446.
\c@Hy@tempcnt=\count274

(d:/texlive/2024/texmf-dist/tex/latex/url/url.sty
\Urlmuskip=\muskip16
Package: url 2013/09/16  ver 3.4  Verb mode for urls, etc.
)
LaTeX Info: Redefining \url on input line 4784.
\XeTeXLinkMargin=\dimen158

(d:/texlive/2024/texmf-dist/tex/generic/bitset/bitset.sty
Package: bitset 2019/12/09 v1.3 Handle bit-vector datatype (HO)

(d:/texlive/2024/texmf-dist/tex/generic/bigintcalc/bigintcalc.sty
Package: bigintcalc 2019/12/15 v1.5 Expandable calculations on big integers (HO
)
))
\Fld@menulength=\count275
\Field@Width=\dimen159
\Fld@charsize=\dimen160
Package hyperref Info: Hyper figures OFF on input line 6063.
Package hyperref Info: Link nesting OFF on input line 6068.
Package hyperref Info: Hyper index ON on input line 6071.
Package hyperref Info: backreferencing OFF on input line 6078.
Package hyperref Info: Link coloring OFF on input line 6083.
Package hyperref Info: Link coloring with OCG OFF on input line 6088.
Package hyperref Info: PDF/A mode OFF on input line 6093.

(d:/texlive/2024/texmf-dist/tex/latex/base/atbegshi-ltx.sty
Package: atbegshi-ltx 2021/01/10 v1.0c Emulation of the original atbegshi
package with kernel methods
)
\Hy@abspage=\count276
\c@Item=\count277
\c@Hfootnote=\count278
)
Package hyperref Info: Driver (autodetected): hpdftex.

(d:/texlive/2024/texmf-dist/tex/latex/hyperref/hpdftex.def
File: hpdftex.def 2024-01-20 v7.01h Hyperref driver for pdfTeX

(d:/texlive/2024/texmf-dist/tex/latex/base/atveryend-ltx.sty
Package: atveryend-ltx 2020/08/19 v1.0a Emulation of the original atveryend pac
kage
with kernel methods
)
\Fld@listcount=\count279
\c@bookmark@seq@number=\count280

(d:/texlive/2024/texmf-dist/tex/latex/rerunfilecheck/rerunfilecheck.sty
Package: rerunfilecheck 2022-07-10 v1.10 Rerun checks for auxiliary files (HO)

(d:/texlive/2024/texmf-dist/tex/generic/uniquecounter/uniquecounter.sty
Package: uniquecounter 2019/12/15 v1.4 Provide unlimited unique counter (HO)
)
Package uniquecounter Info: New unique counter `rerunfilecheck' on input line 2
85.
)
\Hy@SectionHShift=\skip50
)
(d:/texlive/2024/texmf-dist/tex/latex/tools/array.sty
Package: array 2023/10/16 v2.5g Tabular extension package (FMi)
\col@sep=\dimen161
\ar@mcellbox=\box51
\extrarowheight=\dimen162
\NC@list=\toks20
\extratabsurround=\skip51
\backup@length=\skip52
\ar@cellbox=\box52
)
(d:/texlive/2024/texmf-dist/tex/latex/biblatex/biblatex.sty
Package: biblatex 2023/03/05 v3.19 programmable bibliographies (PK/MW)

(d:/texlive/2024/texmf-dist/tex/latex/logreq/logreq.sty
Package: logreq 2010/08/04 v1.0 xml request logger
\lrq@indent=\count281

(d:/texlive/2024/texmf-dist/tex/latex/logreq/logreq.def
File: logreq.def 2010/08/04 v1.0 logreq spec v1.0
))
(d:/texlive/2024/texmf-dist/tex/latex/base/ifthen.sty
Package: ifthen 2022/04/13 v1.1d Standard LaTeX ifthen package (DPC)
)
\c@tabx@nest=\count282
\c@listtotal=\count283
\c@listcount=\count284
\c@liststart=\count285
\c@liststop=\count286
\c@citecount=\count287
\c@citetotal=\count288
\c@multicitecount=\count289
\c@multicitetotal=\count290
\c@instcount=\count291
\c@maxnames=\count292
\c@minnames=\count293
\c@maxitems=\count294
\c@minitems=\count295
\c@citecounter=\count296
\c@maxcitecounter=\count297
\c@savedcitecounter=\count298
\c@uniquelist=\count299
\c@uniquename=\count300
\c@refsection=\count301
\c@refsegment=\count302
\c@maxextratitle=\count303
\c@maxextratitleyear=\count304
\c@maxextraname=\count305
\c@maxextradate=\count306
\c@maxextraalpha=\count307
\c@abbrvpenalty=\count308
\c@highnamepenalty=\count309
\c@lownamepenalty=\count310
\c@maxparens=\count311
\c@parenlevel=\count312
\blx@tempcnta=\count313
\blx@tempcntb=\count314
\blx@tempcntc=\count315
\c@blx@maxsection=\count316
\blx@maxsegment@0=\count317
\blx@notetype=\count318
\blx@parenlevel@text=\count319
\blx@parenlevel@foot=\count320
\blx@sectionciteorder@0=\count321
\blx@sectionciteorderinternal@0=\count322
\blx@entrysetcounter=\count323
\blx@biblioinstance=\count324
\labelnumberwidth=\skip53
\labelalphawidth=\skip54
\biblabelsep=\skip55
\bibitemsep=\skip56
\bibnamesep=\skip57
\bibinitsep=\skip58
\bibparsep=\skip59
\bibhang=\skip60
\blx@bcfin=\read3
\blx@bcfout=\write3
\blx@langwohyphens=\language90
\c@mincomprange=\count325
\c@maxcomprange=\count326
\c@mincompwidth=\count327
Package biblatex Info: Trying to load biblatex default data model...
Package biblatex Info: ... file 'blx-dm.def' found.

(d:/texlive/2024/texmf-dist/tex/latex/biblatex/blx-dm.def
File: blx-dm.def 2023/03/05 v3.19 biblatex localization (PK/MW)
)
Package biblatex Info: Trying to load biblatex style data model...
Package biblatex Info: ... file 'verbose-inote.dbx' not found.
Package biblatex Info: Trying to load biblatex custom data model...
Package biblatex Info: ... file 'biblatex-dm.cfg' not found.
\c@afterword=\count328
\c@savedafterword=\count329
\c@annotator=\count330
\c@savedannotator=\count331
\c@author=\count332
\c@savedauthor=\count333
\c@bookauthor=\count334
\c@savedbookauthor=\count335
\c@commentator=\count336
\c@savedcommentator=\count337
\c@editor=\count338
\c@savededitor=\count339
\c@editora=\count340
\c@savededitora=\count341
\c@editorb=\count342
\c@savededitorb=\count343
\c@editorc=\count344
\c@savededitorc=\count345
\c@foreword=\count346
\c@savedforeword=\count347
\c@holder=\count348
\c@savedholder=\count349
\c@introduction=\count350
\c@savedintroduction=\count351
\c@namea=\count352
\c@savednamea=\count353
\c@nameb=\count354
\c@savednameb=\count355
\c@namec=\count356
\c@savednamec=\count357
\c@translator=\count358
\c@savedtranslator=\count359
\c@shortauthor=\count360
\c@savedshortauthor=\count361
\c@shorteditor=\count362
\c@savedshorteditor=\count363
\c@labelname=\count364
\c@savedlabelname=\count365
\c@institution=\count366
\c@savedinstitution=\count367
\c@lista=\count368
\c@savedlista=\count369
\c@listb=\count370
\c@savedlistb=\count371
\c@listc=\count372
\c@savedlistc=\count373
\c@listd=\count374
\c@savedlistd=\count375
\c@liste=\count376
\c@savedliste=\count377
\c@listf=\count378
\c@savedlistf=\count379
\c@location=\count380
\c@savedlocation=\count381
\c@organization=\count382
\c@savedorganization=\count383
\c@origlocation=\count384
\c@savedoriglocation=\count385
\c@origpublisher=\count386
\c@savedorigpublisher=\count387
\c@publisher=\count388
\c@savedpublisher=\count389
\c@language=\count390
\c@savedlanguage=\count391
\c@origlanguage=\count392
\c@savedoriglanguage=\count393
\c@pageref=\count394
\c@savedpageref=\count395
\shorthandwidth=\skip61
\shortjournalwidth=\skip62
\shortserieswidth=\skip63
\shorttitlewidth=\skip64
\shortauthorwidth=\skip65
\shorteditorwidth=\skip66
\locallabelnumberwidth=\skip67
\locallabelalphawidth=\skip68
\localshorthandwidth=\skip69
\localshortjournalwidth=\skip70
\localshortserieswidth=\skip71
\localshorttitlewidth=\skip72
\localshortauthorwidth=\skip73
\localshorteditorwidth=\skip74
Package biblatex Info: Trying to load compatibility code...
Package biblatex Info: ... file 'blx-compat.def' found.

(d:/texlive/2024/texmf-dist/tex/latex/biblatex/blx-compat.def
File: blx-compat.def 2023/03/05 v3.19 biblatex compatibility (PK/MW)
)
Package biblatex Info: Trying to load generic definitions...
Package biblatex Info: ... file 'biblatex.def' found.

(d:/texlive/2024/texmf-dist/tex/latex/biblatex/biblatex.def
File: biblatex.def 2023/03/05 v3.19 biblatex compatibility (PK/MW)
\c@textcitecount=\count396
\c@textcitetotal=\count397
\c@textcitemaxnames=\count398
\c@biburlbigbreakpenalty=\count399
\c@biburlbreakpenalty=\count400
\c@biburlnumpenalty=\count401
\c@biburlucpenalty=\count402
\c@biburllcpenalty=\count403
\biburlbigskip=\muskip17
\biburlnumskip=\muskip18
\biburlucskip=\muskip19
\biburllcskip=\muskip20
\c@smartand=\count404
)
Package biblatex Info: Trying to load bibliography style 'verbose-inote'...
Package biblatex Info: ... file 'verbose-inote.bbx' found.

(d:/texlive/2024/texmf-dist/tex/latex/biblatex/bbx/verbose-inote.bbx
File: verbose-inote.bbx 2023/03/05 v3.19 biblatex bibliography style (PK/MW)
Package biblatex Info: Trying to load bibliography style 'authortitle'...
Package biblatex Info: ... file 'authortitle.bbx' found.

(d:/texlive/2024/texmf-dist/tex/latex/biblatex/bbx/authortitle.bbx
File: authortitle.bbx 2023/03/05 v3.19 biblatex bibliography style (PK/MW)
Package biblatex Info: Trying to load bibliography style 'standard'...
Package biblatex Info: ... file 'standard.bbx' found.

(d:/texlive/2024/texmf-dist/tex/latex/biblatex/bbx/standard.bbx
File: standard.bbx 2023/03/05 v3.19 biblatex bibliography style (PK/MW)
\c@bbx:relatedcount=\count405
\c@bbx:relatedtotal=\count406
)))
Package biblatex Info: Trying to load citation style 'verbose-inote'...
Package biblatex Info: ... file 'verbose-inote.cbx' found.

(d:/texlive/2024/texmf-dist/tex/latex/biblatex/cbx/verbose-inote.cbx
File: verbose-inote.cbx 2023/03/05 v3.19 biblatex citation style (PK/MW)
Package biblatex Info: Redefining '\cite'.
Package biblatex Info: Redefining '\parencite'.
Package biblatex Info: Redefining '\footcite'.
Package biblatex Info: Redefining '\footcitetext'.
Package biblatex Info: Redefining '\smartcite'.
Package biblatex Info: Redefining '\textcite'.
Package biblatex Info: Redefining '\textcites'.
)
Package biblatex Info: Trying to load configuration file...
Package biblatex Info: ... file 'biblatex.cfg' found.

(d:/texlive/2024/texmf-dist/tex/latex/biblatex/biblatex.cfg
File: biblatex.cfg 
)
Package biblatex Info: Input encoding 'utf8' detected.
Package biblatex Info: Document encoding is UTF8 ....

(d:/texlive/2024/texmf-dist/tex/latex/l3kernel/expl3.sty
Package: expl3 2024-02-20 L3 programming layer (loader) 

(d:/texlive/2024/texmf-dist/tex/latex/l3backend/l3backend-pdftex.def
File: l3backend-pdftex.def 2024-02-20 L3 backend support: PDF output (pdfTeX)
\l__color_backend_stack_int=\count407
\l__pdf_internal_box=\box53
))
Package biblatex Info: ... and expl3
(biblatex)             2024-02-20 L3 programming layer (loader) 
(biblatex)             is new enough (at least 2020/04/06),
(biblatex)             setting 'casechanger=expl3'.

(d:/texlive/2024/texmf-dist/tex/latex/biblatex/blx-case-expl3.sty
(d:/texlive/2024/texmf-dist/tex/latex/l3packages/xparse/xparse.sty
Package: xparse 2024-02-18 L3 Experimental document command parser
)
Package: blx-case-expl3 2023/03/05 v3.19 expl3 case changing code for biblatex
))
(d:/texlive/2024/texmf-dist/tex/latex/acronym/acronym.sty
Package: acronym 2020/04/17 v1.47 Support for acronyms (Tobias Oetiker)

(d:/texlive/2024/texmf-dist/tex/latex/bigfoot/suffix.sty
Package: suffix 2006/07/15 1.5a Variant command support
)
(d:/texlive/2024/texmf-dist/tex/generic/xstring/xstring.sty
(d:/texlive/2024/texmf-dist/tex/generic/xstring/xstring.tex
\xs_counta=\count408
\xs_countb=\count409
)
Package: xstring 2023/08/22 v1.86 String manipulations (CT)
)
\AC@clearlist=\toks21
)
(d:/texlive/2024/texmf-dist/tex/latex/csquotes/csquotes.sty
Package: csquotes 2022-09-14 v5.2n context-sensitive quotations (JAW)
\csq@reset=\count410
\csq@gtype=\count411
\csq@glevel=\count412
\csq@qlevel=\count413
\csq@maxlvl=\count414
\csq@tshold=\count415
\csq@ltx@everypar=\toks22

(d:/texlive/2024/texmf-dist/tex/latex/csquotes/csquotes.def
File: csquotes.def 2022-09-14 v5.2n csquotes generic definitions (JAW)
)
Package csquotes Info: Trying to load configuration file 'csquotes.cfg'...
Package csquotes Info: ... configuration file loaded successfully.

(d:/texlive/2024/texmf-dist/tex/latex/csquotes/csquotes.cfg
File: csquotes.cfg 
))
(d:/texlive/2024/texmf-dist/tex/latex/enumitem/enumitem.sty
Package: enumitem 2019/06/20 v3.9 Customized lists
\labelindent=\skip75
\enit@outerparindent=\dimen163
\enit@toks=\toks23
\enit@inbox=\box54
\enit@count@id=\count416
\enitdp@description=\count417
)
(d:/texlive/2024/texmf-dist/tex/latex/setspace/setspace.sty
Package: setspace 2022/12/04 v6.7b set line spacing
)
Package csquotes Info: Checking for multilingual support...
Package csquotes Info: ... found 'babel' package.
Package csquotes Info: Adjusting default style.
Package csquotes Info: Redefining alias 'default' -> 'ngerman'.
LaTeX Font Info:    Trying to load font information for T1+lmr on input line 78
.

(d:/texlive/2024/texmf-dist/tex/latex/lm/t1lmr.fd
File: t1lmr.fd 2015/05/01 v1.6.1 Font defs for Latin Modern
) (./3_kapitel.aux)
\openout1 = `3_kapitel.aux'.

LaTeX Font Info:    Checking defaults for OML/cmm/m/it on input line 78.
LaTeX Font Info:    ... okay on input line 78.
LaTeX Font Info:    Checking defaults for OMS/cmsy/m/n on input line 78.
LaTeX Font Info:    ... okay on input line 78.
LaTeX Font Info:    Checking defaults for OT1/cmr/m/n on input line 78.
LaTeX Font Info:    ... okay on input line 78.
LaTeX Font Info:    Checking defaults for T1/cmr/m/n on input line 78.
LaTeX Font Info:    ... okay on input line 78.
LaTeX Font Info:    Checking defaults for TS1/cmr/m/n on input line 78.
LaTeX Font Info:    ... okay on input line 78.
LaTeX Font Info:    Checking defaults for OMX/cmex/m/n on input line 78.
LaTeX Font Info:    ... okay on input line 78.
LaTeX Font Info:    Checking defaults for U/cmr/m/n on input line 78.
LaTeX Font Info:    ... okay on input line 78.
LaTeX Font Info:    Checking defaults for PD1/pdf/m/n on input line 78.
LaTeX Font Info:    ... okay on input line 78.
LaTeX Font Info:    Checking defaults for PU/pdf/m/n on input line 78.
LaTeX Font Info:    ... okay on input line 78.

(d:/texlive/2024/texmf-dist/tex/context/base/mkii/supp-pdf.mkii
[Loading MPS to PDF converter (version 2006.09.02).]
\scratchcounter=\count418
\scratchdimen=\dimen164
\scratchbox=\box55
\nofMPsegments=\count419
\nofMParguments=\count420
\everyMPshowfont=\toks24
\MPscratchCnt=\count421
\MPscratchDim=\dimen165
\MPnumerator=\count422
\makeMPintoPDFobject=\count423
\everyMPtoPDFconversion=\toks25
) (d:/texlive/2024/texmf-dist/tex/latex/epstopdf-pkg/epstopdf-base.sty
Package: epstopdf-base 2020-01-24 v2.11 Base part for package epstopdf
Package epstopdf-base Info: Redefining graphics rule for `.eps' on input line 4
85.

(d:/texlive/2024/texmf-dist/tex/latex/latexconfig/epstopdf-sys.cfg
File: epstopdf-sys.cfg 2010/07/13 v1.3 Configuration of (r)epstopdf for TeX Liv
e
))
Package hyperref Info: Link coloring OFF on input line 78.

(./3_kapitel.out) (./3_kapitel.out)
\@outlinefile=\write4
\openout4 = `3_kapitel.out'.

Package biblatex Info: Trying to load language 'ngerman'...
Package biblatex Info: ... file 'ngerman.lbx' found.

(d:/texlive/2024/texmf-dist/tex/latex/biblatex/lbx/ngerman.lbx
File: ngerman.lbx 2023/03/05 v3.19 biblatex localization (PK/MW)
Package biblatex Info: Trying to load language 'german'...
Package biblatex Info: ... file 'german.lbx' found.

(d:/texlive/2024/texmf-dist/tex/latex/biblatex/lbx/german.lbx
File: german.lbx 2023/03/05 v3.19 biblatex localization (PK/MW)
)
Package biblatex Info: Trying to load language 'german'...
Package biblatex Info: ... file 'german.lbx' found.

(d:/texlive/2024/texmf-dist/tex/latex/biblatex/lbx/german.lbx
File: german.lbx 2023/03/05 v3.19 biblatex localization (PK/MW)
))
Package biblatex Info: Input encoding 'utf8' detected.
Package biblatex Info: Automatic encoding selection.
(biblatex)             Assuming data encoding 'utf8'.
\openout3 = `3_kapitel.bcf'.

Package biblatex Info: Trying to load bibliographic data...
Package biblatex Info: ... file '3_kapitel.bbl' found.

(./3_kapitel.bbl)
Package biblatex Info: Reference section=0 on input line 78.
Package biblatex Info: Reference segment=0 on input line 78.

Kapitel 1..
LaTeX Font Info:    Trying to load font information for OT1+lmr on input line 9
0.
(d:/texlive/2024/texmf-dist/tex/latex/lm/ot1lmr.fd
File: ot1lmr.fd 2015/05/01 v1.6.1 Font defs for Latin Modern
)
LaTeX Font Info:    Trying to load font information for OML+lmm on input line 9
0.

(d:/texlive/2024/texmf-dist/tex/latex/lm/omllmm.fd
File: omllmm.fd 2015/05/01 v1.6.1 Font defs for Latin Modern
)
LaTeX Font Info:    Trying to load font information for OMS+lmsy on input line 
90.

(d:/texlive/2024/texmf-dist/tex/latex/lm/omslmsy.fd
File: omslmsy.fd 2015/05/01 v1.6.1 Font defs for Latin Modern
)
LaTeX Font Info:    Trying to load font information for OMX+lmex on input line 
90.

(d:/texlive/2024/texmf-dist/tex/latex/lm/omxlmex.fd
File: omxlmex.fd 2015/05/01 v1.6.1 Font defs for Latin Modern
)
LaTeX Font Info:    External font `lmex10' loaded for size
(Font)              <12> on input line 90.
LaTeX Font Info:    External font `lmex10' loaded for size
(Font)              <8> on input line 90.
LaTeX Font Info:    External font `lmex10' loaded for size
(Font)              <6> on input line 90.
LaTeX Font Info:    External font `lmex10' loaded for size
(Font)              <10> on input line 90.
LaTeX Font Info:    External font `lmex10' loaded for size
(Font)              <7> on input line 90.
LaTeX Font Info:    External font `lmex10' loaded for size
(Font)              <5> on input line 90.


LaTeX Warning: Citation 'QUOTE NEEDED' on page 1 undefined on input line 90.

[1


{d:/texlive/2024/texmf-var/fonts/map/pdftex/updmap/pdftex.map}{d:/texlive/2024/
texmf-dist/fonts/enc/dvips/lm/lm-ec.enc}]
Overfull \hbox (31.0184pt too wide) has occurred while \output is active
\T1/lmr/m/sl/12 KAPITEL 1..  DER GEGENSTAND DES ROHSTOFFVERWALTUNGSRECHT \T1/lm
r/m/n/12 2
 []

[2]

LaTeX Warning: Citation 'Frau' on page 3 undefined on input line 122.


LaTeX Warning: Citation '387' on page 3 undefined on input line 122.


LaTeX Warning: Citation 'Dauses/Ludwigs' on page 3 undefined on input line 122.



LaTeX Warning: Citation 'Handbuch des EU-Wirtschaftsrechts' on page 3 undefined
 on input line 122.


LaTeX Warning: Citation 'Gundel' on page 3 undefined on input line 122.


LaTeX Warning: Citation 'Â§ M' on page 3 undefined on input line 122.


LaTeX Warning: Citation 'Rn. 26 27' on page 3 undefined on input line 122.


Underfull \hbox (badness 5607) in paragraph at lines 122--122
[][][]\T1/lmr/m/n/10 ; []; []; [];
 []


Overfull \hbox (31.0184pt too wide) has occurred while \output is active
\T1/lmr/m/sl/12 KAPITEL 1..  DER GEGENSTAND DES ROHSTOFFVERWALTUNGSRECHT \T1/lm
r/m/n/12 3
 []

[3]
Overfull \hbox (31.0184pt too wide) has occurred while \output is active
\T1/lmr/m/sl/12 KAPITEL 1..  DER GEGENSTAND DES ROHSTOFFVERWALTUNGSRECHT \T1/lm
r/m/n/12 4
 []

[4]

LaTeX Warning: Citation 'Nettesheim in Grabitz/Hilf' on page 5 undefined on inp
ut line 130.


LaTeX Warning: Citation 'AEUV Art. 194' on page 5 undefined on input line 130.


LaTeX Warning: Citation 'Rn. 16' on page 5 undefined on input line 130.


LaTeX Warning: Citation 'Umbach' on page 5 undefined on input line 130.


LaTeX Warning: Citation 'ET 2005' on page 5 undefined on input line 130.


LaTeX Warning: Citation '629' on page 5 undefined on input line 130.


LaTeX Warning: Citation 'Nettesheim in Grabitz/Hilf' on page 5 undefined on inp
ut line 130.


LaTeX Warning: Citation 'AEUV Art. 194' on page 5 undefined on input line 130.


LaTeX Warning: Citation 'Rn. 17' on page 5 undefined on input line 130.


LaTeX Warning: Citation 'Nettesheim in Grabitz/Hilf' on page 5 undefined on inp
ut line 130.


LaTeX Warning: Citation 'AEUV Art. 194' on page 5 undefined on input line 130.


LaTeX Warning: Citation 'Rn. 16' on page 5 undefined on input line 130.


LaTeX Warning: Citation 'CITATIONNEEDED' on page 5 undefined on input line 132.



LaTeX Warning: Citation 'Nettesheim in Grabitz/Hilf' on page 5 undefined on inp
ut line 134.


LaTeX Warning: Citation 'AEUV Art. 194' on page 5 undefined on input line 134.


LaTeX Warning: Citation 'Rn. 10' on page 5 undefined on input line 134.


LaTeX Warning: Citation 'Rn. 10' on page 5 undefined on input line 134.


Overfull \hbox (31.0184pt too wide) has occurred while \output is active
\T1/lmr/m/sl/12 KAPITEL 1..  DER GEGENSTAND DES ROHSTOFFVERWALTUNGSRECHT \T1/lm
r/m/n/12 5
 []

[5]

LaTeX Warning: Citation 'Nettesheim in Grabitz/Hilf' on page 6 undefined on inp
ut line 138.


LaTeX Warning: Citation 'AEUV Art. 194' on page 6 undefined on input line 138.


LaTeX Warning: Citation 'Rn. 44' on page 6 undefined on input line 138.


LaTeX Warning: Citation 'Dauses/Ludwigs' on page 6 undefined on input line 147.



LaTeX Warning: Citation 'Handbuch des EU-Wirtschaftsrechts' on page 6 undefined
 on input line 147.


LaTeX Warning: Citation 'Gundel' on page 6 undefined on input line 147.


LaTeX Warning: Citation 'Â§ M' on page 6 undefined on input line 147.


LaTeX Warning: Citation 'Rn. 28' on page 6 undefined on input line 147.


LaTeX Warning: Citation '29' on page 6 undefined on input line 147.


Underfull \hbox (badness 5607) in paragraph at lines 147--147
[][][]\T1/lmr/m/n/10 ; []; []; [];
 []


LaTeX Warning: Citation 'Dauses/Ludwigs' on page 6 undefined on input line 147.



LaTeX Warning: Citation 'Handbuch des EU-Wirtschaftsrechts' on page 6 undefined
 on input line 147.


LaTeX Warning: Citation 'Gundel' on page 6 undefined on input line 147.


LaTeX Warning: Citation 'Â§ M' on page 6 undefined on input line 147.


LaTeX Warning: Citation 'Rn.29' on page 6 undefined on input line 147.


Underfull \hbox (badness 5607) in paragraph at lines 147--147
[][][]\T1/lmr/m/n/10 ; []; []; [];
 []


Overfull \hbox (31.0184pt too wide) has occurred while \output is active
\T1/lmr/m/sl/12 KAPITEL 1..  DER GEGENSTAND DES ROHSTOFFVERWALTUNGSRECHT \T1/lm
r/m/n/12 6
 []

[6]
Overfull \hbox (31.0184pt too wide) has occurred while \output is active
\T1/lmr/m/sl/12 KAPITEL 1..  DER GEGENSTAND DES ROHSTOFFVERWALTUNGSRECHT \T1/lm
r/m/n/12 7
 []

[7]

LaTeX Warning: Citation 'Nettesheim in Grabitz/Hilf' on page 8 undefined on inp
ut line 171.


LaTeX Warning: Citation 'AEUV Art. 194' on page 8 undefined on input line 171.


LaTeX Warning: Citation 'Rn. 40' on page 8 undefined on input line 171.


Overfull \hbox (31.0184pt too wide) has occurred while \output is active
\T1/lmr/m/sl/12 KAPITEL 1..  DER GEGENSTAND DES ROHSTOFFVERWALTUNGSRECHT \T1/lm
r/m/n/12 8
 []

[8]

LaTeX Warning: Reference `Kapitel 1' on page 9 undefined on input line 188.


Overfull \hbox (9.31917pt too wide) in paragraph at lines 188--189
\T1/lmr/m/n/12 tig-te Zu-gang zu Roh-stof-fen als es-sen-ti-el-ler Fak-tor der 
EU-Wettbewerbsfähigkeit
 []


Overfull \hbox (31.0184pt too wide) has occurred while \output is active
\T1/lmr/m/sl/12 KAPITEL 1..  DER GEGENSTAND DES ROHSTOFFVERWALTUNGSRECHT \T1/lm
r/m/n/12 9
 []

[9]
Overfull \hbox (29.3307pt too wide) in paragraph at lines 190--191
\T1/lmr/m/n/12 als ein wei-te-rer, aber durch-aus be-deu-ten-de-rer Mei-len-ste
in in der EU-Rohstoffpolitik
 []


Overfull \hbox (36.89339pt too wide) has occurred while \output is active
\T1/lmr/m/sl/12 KAPITEL 1..  DER GEGENSTAND DES ROHSTOFFVERWALTUNGSRECHT \T1/lm
r/m/n/12 10
 []

[10]

LaTeX Warning: Citation 'ruettinger_doddfrank_2015' on page 11 undefined on inp
ut line 205.


Overfull \hbox (36.89339pt too wide) has occurred while \output is active
\T1/lmr/m/sl/12 KAPITEL 1..  DER GEGENSTAND DES ROHSTOFFVERWALTUNGSRECHT \T1/lm
r/m/n/12 11
 []

[11]
Overfull \hbox (36.89339pt too wide) has occurred while \output is active
\T1/lmr/m/sl/12 KAPITEL 1..  DER GEGENSTAND DES ROHSTOFFVERWALTUNGSRECHT \T1/lm
r/m/n/12 12
 []

[12]
Overfull \hbox (36.89339pt too wide) has occurred while \output is active
\T1/lmr/m/sl/12 KAPITEL 1..  DER GEGENSTAND DES ROHSTOFFVERWALTUNGSRECHT \T1/lm
r/m/n/12 13
 []

[13]
Overfull \hbox (55.01375pt too wide) in paragraph at lines 322--323
\T1/lmr/m/n/12 Die Ver-ord-nung (EU) 2017/821, auch be-kannt als "Konfliktminer
alien-Verordnung"(VO)
 []


Overfull \hbox (36.89339pt too wide) has occurred while \output is active
\T1/lmr/m/sl/12 KAPITEL 1..  DER GEGENSTAND DES ROHSTOFFVERWALTUNGSRECHT \T1/lm
r/m/n/12 14
 []

[14]
Overfull \hbox (36.89339pt too wide) has occurred while \output is active
\T1/lmr/m/sl/12 KAPITEL 1..  DER GEGENSTAND DES ROHSTOFFVERWALTUNGSRECHT \T1/lm
r/m/n/12 15
 []

[15]

LaTeX Warning: Citation 'OECDleitfaden2019' on page 16 undefined on input line 
329.


LaTeX Warning: Citation 'ruttloff_lieferkettensorgfaltspflichtengesetz_2022' on
 page 16 undefined on input line 329.


Overfull \hbox (5.33263pt too wide) in paragraph at lines 335--336
\T1/lmr/m/n/12 (Mineralische-Rohstoffe-Sorgfaltspflichten-Gesetz, Min-Roh-SorgG
) zur Ver-ord-
 []


Overfull \hbox (14.18826pt too wide) in paragraph at lines 337--338
\T1/lmr/m/n/12 chen-de Kon-troll-stel-le ge-schaf-fen, die mit der An-wen-dung 
der Konfliktmineralien-
 []


LaTeX Warning: Citation 'DEKSOR_Bericht_2023' on page 16 undefined on input lin
e 339.


LaTeX Warning: Citation 'DEKSOR' on page 16 undefined on input line 340.


Overfull \hbox (36.89339pt too wide) has occurred while \output is active
\T1/lmr/m/sl/12 KAPITEL 1..  DER GEGENSTAND DES ROHSTOFFVERWALTUNGSRECHT \T1/lm
r/m/n/12 16
 []

[16]
Overfull \hbox (36.89339pt too wide) has occurred while \output is active
\T1/lmr/m/sl/12 KAPITEL 1..  DER GEGENSTAND DES ROHSTOFFVERWALTUNGSRECHT \T1/lm
r/m/n/12 17
 []

[17{d:/texlive/2024/texmf-dist/fonts/enc/dvips/lm/lm-mathit.enc}]

LaTeX Warning: Citation 'DEKSOR' on page 18 undefined on input line 347.


Overfull \hbox (36.89339pt too wide) has occurred while \output is active
\T1/lmr/m/sl/12 KAPITEL 1..  DER GEGENSTAND DES ROHSTOFFVERWALTUNGSRECHT \T1/lm
r/m/n/12 18
 []

[18]
Overfull \hbox (0.5037pt too wide) in paragraph at lines 360--361
[]\T1/lmr/m/n/12 Schlieÿlich stellt die DEK-SOR fest, dass Ver-su-che von Un-te
r-neh-men wahr-
 []


LaTeX Warning: Citation 'teicke_gesetzliche_2018' on page 19 undefined on input
 line 366.


LaTeX Warning: Citation 'grado_eu_2018' on page 19 undefined on input line 366.



LaTeX Warning: Citation 'teicke_gesetzliche_2018' on page 19 undefined on input
 line 366.


Overfull \hbox (1.01488pt too wide) in paragraph at lines 366--368
\T1/lmr/m/n/12 lun-gen nach-zu-kom-men, so-dass hier mit der Schaf-fung ei-ner 
sektor- und rechts-
 []


Overfull \hbox (36.89339pt too wide) has occurred while \output is active
\T1/lmr/m/sl/12 KAPITEL 1..  DER GEGENSTAND DES ROHSTOFFVERWALTUNGSRECHT \T1/lm
r/m/n/12 19
 []

[19]
Overfull \hbox (36.89339pt too wide) has occurred while \output is active
\T1/lmr/m/sl/12 KAPITEL 1..  DER GEGENSTAND DES ROHSTOFFVERWALTUNGSRECHT \T1/lm
r/m/n/12 20
 []

[20]
Overfull \hbox (42.58649pt too wide) in paragraph at lines 385--386
[]\T1/lmr/m/n/12 Nichtsdestotrotz kann fest-ge-hal-ten wer-den, dass es sich be
i der Konfliktmineralien-
 []


Overfull \hbox (36.89339pt too wide) has occurred while \output is active
\T1/lmr/m/sl/12 KAPITEL 1..  DER GEGENSTAND DES ROHSTOFFVERWALTUNGSRECHT \T1/lm
r/m/n/12 21
 []

[21]

LaTeX Warning: Citation 'deutsche\_kontrollstelle\_eu-sorgfaltspflichten\_in\_r
ohstofflieferketten\_jahresbericht\_2023' on page 22 undefined on input line 38
9.


Overfull \hbox (119.03307pt too wide) in paragraph at lines 389--389
[][][]\T1/lmr/m/n/10 .| 
 []


Overfull \hbox (3.21457pt too wide) in paragraph at lines 392--393
[]\T1/lmr/m/n/12 Berufen auf Ver-trau-en des Uni-ons-ein-füh-rers/Verhütter/Roh
stoffproduzent 
 []


LaTeX Warning: Citation 'deutsche\_kontrollstelle\_eu-sorgfaltspflichten\_in\_r
ohstofflieferketten\_jahresbericht\_2023' on page 22 undefined on input line 39
4.


Overfull \hbox (119.03307pt too wide) in paragraph at lines 394--394
[][][]\T1/lmr/m/n/10 .| 
 []


LaTeX Warning: Citation 'teicke_gesetzliche_2018' on page 22 undefined on input
 line 400.


Overfull \hbox (36.89339pt too wide) has occurred while \output is active
\T1/lmr/m/sl/12 KAPITEL 1..  DER GEGENSTAND DES ROHSTOFFVERWALTUNGSRECHT \T1/lm
r/m/n/12 22
 []

[22]
Overfull \hbox (36.89339pt too wide) has occurred while \output is active
\T1/lmr/m/sl/12 KAPITEL 1..  DER GEGENSTAND DES ROHSTOFFVERWALTUNGSRECHT \T1/lm
r/m/n/12 23
 []

[23]
Overfull \hbox (15.88524pt too wide) in paragraph at lines 420--420
[]\T1/lmr/bx/n/17.28 Wechselwirkungen zwi-schen deut-schem und
 []


Overfull \hbox (10.37944pt too wide) in paragraph at lines 432--432
[]\T1/lmr/bx/n/17.28 Betrachtung wei-te-rer aus-ge-wähl-ter Rechts-
 []


LaTeX Warning: Citation 'ruttloff_lieferkettensorgfaltspflichtengesetz_2022' on
 page 24 undefined on input line 436.


LaTeX Warning: Citation 'ruttloff_lieferkettensorgfaltspflichtengesetz_2022' on
 page 24 undefined on input line 436.


Overfull \hbox (36.89339pt too wide) has occurred while \output is active
\T1/lmr/m/sl/12 KAPITEL 1..  DER GEGENSTAND DES ROHSTOFFVERWALTUNGSRECHT \T1/lm
r/m/n/12 24
 []

[24]
Overfull \hbox (36.89339pt too wide) has occurred while \output is active
\T1/lmr/m/sl/12 KAPITEL 1..  DER GEGENSTAND DES ROHSTOFFVERWALTUNGSRECHT \T1/lm
r/m/n/12 25
 []

[25]
Overfull \hbox (2.43636pt too wide) in paragraph at lines 453--453
[]\T1/lmr/bx/n/17.28 Herausforderungen für das Roh-stoff-ver-wal-
 []


Overfull \hbox (36.89339pt too wide) has occurred while \output is active
\T1/lmr/m/sl/12 KAPITEL 1..  DER GEGENSTAND DES ROHSTOFFVERWALTUNGSRECHT \T1/lm
r/m/n/12 26
 []

[26]
Overfull \hbox (36.89339pt too wide) has occurred while \output is active
\T1/lmr/m/sl/12 KAPITEL 1..  DER GEGENSTAND DES ROHSTOFFVERWALTUNGSRECHT \T1/lm
r/m/n/12 27
 []

[27]
Overfull \hbox (36.89339pt too wide) has occurred while \output is active
\T1/lmr/m/sl/12 KAPITEL 1..  DER GEGENSTAND DES ROHSTOFFVERWALTUNGSRECHT \T1/lm
r/m/n/12 28
 []

[28] (./3_kapitel.aux)
 ***********
LaTeX2e <2023-11-01> patch level 1
L3 programming layer <2024-02-20>
 ***********


LaTeX Warning: There were undefined references.

Package rerunfilecheck Info: File `3_kapitel.out' has not changed.
(rerunfilecheck)             Checksum: 9A217EE35DDB7E7A11FC60A73A2D54CC;8454.

Package biblatex Warning: Please (re)run Biber on the file:
(biblatex)                3_kapitel
(biblatex)                and rerun LaTeX afterwards.

Package logreq Info: Writing requests to '3_kapitel.run.xml'.
\openout1 = `3_kapitel.run.xml'.

 ) 
Here is how much of TeX's memory you used:
 18934 strings out of 474116
 329929 string characters out of 5747717
 1944190 words of memory out of 5000000
 40937 multiletter control sequences out of 15000+600000
 628486 words of font info for 72 fonts, out of 8000000 for 9000
 1143 hyphenation exceptions out of 8191
 75i,8n,81p,4299b,2371s stack positions out of 10000i,1000n,20000p,200000b,200000s

pdfTeX warning (dest): name{Hfootnote.58} has been referenced but does not exis
t, replaced by a fixed one


pdfTeX warning (dest): name{Hfootnote.57} has been referenced but does not exis
t, replaced by a fixed one


pdfTeX warning (dest): name{Hfootnote.56} has been referenced but does not exis
t, replaced by a fixed one


pdfTeX warning (dest): name{Hfootnote.55} has been referenced but does not exis
t, replaced by a fixed one


pdfTeX warning (dest): name{Hfootnote.54} has been referenced but does not exis
t, replaced by a fixed one


pdfTeX warning (dest): name{Hfootnote.53} has been referenced but does not exis
t, replaced by a fixed one


pdfTeX warning (dest): name{Hfootnote.52} has been referenced but does not exis
t, replaced by a fixed one


pdfTeX warning (dest): name{Hfootnote.51} has been referenced but does not exis
t, replaced by a fixed one


pdfTeX warning (dest): name{Hfootnote.50} has been referenced but does not exis
t, replaced by a fixed one


pdfTeX warning (dest): name{Hfootnote.49} has been referenced but does not exis
t, replaced by a fixed one


pdfTeX warning (dest): name{Hfootnote.48} has been referenced but does not exis
t, replaced by a fixed one


pdfTeX warning (dest): name{Hfootnote.47} has been referenced but does not exis
t, replaced by a fixed one


pdfTeX warning (dest): name{Hfootnote.46} has been referenced but does not exis
t, replaced by a fixed one


pdfTeX warning (dest): name{Hfootnote.45} has been referenced but does not exis
t, replaced by a fixed one


pdfTeX warning (dest): name{Hfootnote.44} has been referenced but does not exis
t, replaced by a fixed one


pdfTeX warning (dest): name{Hfootnote.43} has been referenced but does not exis
t, replaced by a fixed one


pdfTeX warning (dest): name{Hfootnote.42} has been referenced but does not exis
t, replaced by a fixed one


pdfTeX warning (dest): name{Hfootnote.41} has been referenced but does not exis
t, replaced by a fixed one


pdfTeX warning (dest): name{Hfootnote.40} has been referenced but does not exis
t, replaced by a fixed one


pdfTeX warning (dest): name{Hfootnote.39} has been referenced but does not exis
t, replaced by a fixed one


pdfTeX warning (dest): name{Hfootnote.38} has been referenced but does not exis
t, replaced by a fixed one


pdfTeX warning (dest): name{Hfootnote.37} has been referenced but does not exis
t, replaced by a fixed one


pdfTeX warning (dest): name{Hfootnote.36} has been referenced but does not exis
t, replaced by a fixed one


pdfTeX warning (dest): name{Hfootnote.35} has been referenced but does not exis
t, replaced by a fixed one


pdfTeX warning (dest): name{Hfootnote.34} has been referenced but does not exis
t, replaced by a fixed one


pdfTeX warning (dest): name{Hfootnote.33} has been referenced but does not exis
t, replaced by a fixed one


pdfTeX warning (dest): name{Hfootnote.32} has been referenced but does not exis
t, replaced by a fixed one


pdfTeX warning (dest): name{Hfootnote.31} has been referenced but does not exis
t, replaced by a fixed one


pdfTeX warning (dest): name{Hfootnote.30} has been referenced but does not exis
t, replaced by a fixed one


pdfTeX warning (dest): name{Hfootnote.29} has been referenced but does not exis
t, replaced by a fixed one


pdfTeX warning (dest): name{Hfootnote.28} has been referenced but does not exis
t, replaced by a fixed one


pdfTeX warning (dest): name{Hfootnote.27} has been referenced but does not exis
t, replaced by a fixed one


pdfTeX warning (dest): name{Hfootnote.26} has been referenced but does not exis
t, replaced by a fixed one


pdfTeX warning (dest): name{Hfootnote.25} has been referenced but does not exis
t, replaced by a fixed one


pdfTeX warning (dest): name{Hfootnote.24} has been referenced but does not exis
t, replaced by a fixed one


pdfTeX warning (dest): name{Hfootnote.23} has been referenced but does not exis
t, replaced by a fixed one


pdfTeX warning (dest): name{Hfootnote.22} has been referenced but does not exis
t, replaced by a fixed one


pdfTeX warning (dest): name{Hfootnote.21} has been referenced but does not exis
t, replaced by a fixed one


pdfTeX warning (dest): name{Hfootnote.20} has been referenced but does not exis
t, replaced by a fixed one


pdfTeX warning (dest): name{Hfootnote.19} has been referenced but does not exis
t, replaced by a fixed one


pdfTeX warning (dest): name{Hfootnote.18} has been referenced but does not exis
t, replaced by a fixed one


pdfTeX warning (dest): name{Hfootnote.17} has been referenced but does not exis
t, replaced by a fixed one


pdfTeX warning (dest): name{Hfootnote.16} has been referenced but does not exis
t, replaced by a fixed one


pdfTeX warning (dest): name{Hfootnote.15} has been referenced but does not exis
t, replaced by a fixed one


pdfTeX warning (dest): name{Hfootnote.14} has been referenced but does not exis
t, replaced by a fixed one


pdfTeX warning (dest): name{Hfootnote.13} has been referenced but does not exis
t, replaced by a fixed one


pdfTeX warning (dest): name{Hfootnote.12} has been referenced but does not exis
t, replaced by a fixed one


pdfTeX warning (dest): name{Hfootnote.11} has been referenced but does not exis
t, replaced by a fixed one


pdfTeX warning (dest): name{Hfootnote.10} has been referenced but does not exis
t, replaced by a fixed one


pdfTeX warning (dest): name{Hfootnote.9} has been referenced but does not exist
, replaced by a fixed one


pdfTeX warning (dest): name{Hfootnote.8} has been referenced but does not exist
, replaced by a fixed one


pdfTeX warning (dest): name{Hfootnote.7} has been referenced but does not exist
, replaced by a fixed one


pdfTeX warning (dest): name{Hfootnote.6} has been referenced but does not exist
, replaced by a fixed one


pdfTeX warning (dest): name{Hfootnote.5} has been referenced but does not exist
, replaced by a fixed one


pdfTeX warning (dest): name{Hfootnote.4} has been referenced but does not exist
, replaced by a fixed one


pdfTeX warning (dest): name{Hfootnote.3} has been referenced but does not exist
, replaced by a fixed one


pdfTeX warning (dest): name{Hfootnote.2} has been referenced but does not exist
, replaced by a fixed one


pdfTeX warning (dest): name{Hfootnote.1} has been referenced but does not exist
, replaced by a fixed one

<d:/texlive/2024/texmf-dist/fonts/type1/public/lm/lmbx10.pfb><d:/texlive/2024/t
exmf-dist/fonts/type1/public/lm/lmbx12.pfb><d:/texlive/2024/texmf-dist/fonts/ty
pe1/public/lm/lmmi12.pfb><d:/texlive/2024/texmf-dist/fonts/type1/public/lm/lmr1
0.pfb><d:/texlive/2024/texmf-dist/fonts/type1/public/lm/lmr12.pfb><d:/texlive/2
024/texmf-dist/fonts/type1/public/lm/lmr7.pfb><d:/texlive/2024/texmf-dist/fonts
/type1/public/lm/lmr8.pfb><d:/texlive/2024/texmf-dist/fonts/type1/public/lm/lmr
i10.pfb><d:/texlive/2024/texmf-dist/fonts/type1/public/lm/lmri12.pfb><d:/texliv
e/2024/texmf-dist/fonts/type1/public/lm/lmro12.pfb>
Output written on 3_kapitel.pdf (28 pages, 331305 bytes).
PDF statistics:
 480 PDF objects out of 1000 (max. 8388607)
 425 compressed objects within 5 object streams
 126 named destinations out of 1000 (max. 500000)
 313 words of extra memory for PDF output out of 10000 (max. 10000000)

